Windows PowerShell
Copyright (C) Microsoft Corporation. All rights reserved.

Install the latest PowerShell for new features and improvements! https://aka.ms/PSWindows

PS C:\Windows\system32> cd C:\Users\shivamkumar14102801
PS C:\Users\shivamkumar14102801> git clone https://github.com/asggroupsinfo/ZepixTradingBot-old-v2.git
>> cd ZepixTradingBot-old-v2
Cloning into 'ZepixTradingBot-old-v2'...
remote: Enumerating objects: 4227, done.
remote: Counting objects: 100% (4227/4227), done.
remote: Compressing objects: 100% (3609/3609), done.
remote: Total 4227 (delta 555), reused 4202 (delta 530), pack-reused 0 (from 0)
Receiving objects: 100% (4227/4227), 26.89 MiB | 13.79 MiB/s, done.
Resolving deltas: 100% (555/555), done.
Updating files: 100% (3646/3646), done.
PS C:\Users\shivamkumar14102801\ZepixTradingBot-old-v2> python -m venv venv
>> .\venv\Scripts\Activate.ps1
(venv) PS C:\Users\shivamkumar14102801\ZepixTradingBot-old-v2> pip install -r requirements.txt
>> pip install MetaTrader5
Fatal error in launcher: Unable to create process using '"E:\ZepixTrandingbot-New\venv\Scripts\python.exe"  "C:\Users\shivamkumar14102801\ZepixTradingBot-old-v2\venv\Scripts\pip.exe" install -r requirements.txt': The system cannot find the file specified.

Fatal error in launcher: Unable to create process using '"E:\ZepixTrandingbot-New\venv\Scripts\python.exe"  "C:\Users\shivamkumar14102801\ZepixTradingBot-old-v2\venv\Scripts\pip.exe" install MetaTrader5': The system cannot find the file specified.

(venv) PS C:\Users\shivamkumar14102801\ZepixTradingBot-old-v2> python -m pip install --upgrade pip
>> python -m pip install -r requirements.txt
>> python -m pip install MetaTrader5
Requirement already satisfied: pip in c:\users\shivamkumar14102801\zepixtradingbot-old-v2\venv\lib\site-packages (23.2.1)
Collecting pip
  Obtaining dependency information for pip from https://files.pythonhosted.org/packages/b7/3f/945ef7ab14dc4f9d7f40288d2df998d1837ee0888ec3659c813487572faa/pip-25.2-py3-none-any.whl.metadata
  Using cached pip-25.2-py3-none-any.whl.metadata (4.7 kB)
Using cached pip-25.2-py3-none-any.whl (1.8 MB)
Installing collected packages: pip
  Attempting uninstall: pip
    Found existing installation: pip 23.2.1
    Uninstalling pip-23.2.1:
      Successfully uninstalled pip-23.2.1
Successfully installed pip-25.2
Requirement already satisfied: fastapi==0.104.1 in c:\users\shivamkumar14102801\zepixtradingbot-old-v2\venv\lib\site-packages (from -r requirements.txt (line 1)) (0.104.1)
Requirement already satisfied: uvicorn==0.24.0 in c:\users\shivamkumar14102801\zepixtradingbot-old-v2\venv\lib\site-packages (from -r requirements.txt (line 2)) (0.24.0)
Requirement already satisfied: python-multipart==0.0.6 in c:\users\shivamkumar14102801\zepixtradingbot-old-v2\venv\lib\site-packages (from -r requirements.txt (line 3)) (0.0.6)
Requirement already satisfied: requests==2.31.0 in c:\users\shivamkumar14102801\zepixtradingbot-old-v2\venv\lib\site-packages (from -r requirements.txt (line 4)) (2.31.0)
Requirement already satisfied: pydantic==2.5.0 in c:\users\shivamkumar14102801\zepixtradingbot-old-v2\venv\lib\site-packages (from -r requirements.txt (line 5)) (2.5.0)
Requirement already satisfied: python-dotenv==1.0.0 in c:\users\shivamkumar14102801\zepixtradingbot-old-v2\venv\lib\site-packages (from -r requirements.txt (line 6)) (1.0.0)
Requirement already satisfied: aiohttp==3.9.1 in c:\users\shivamkumar14102801\zepixtradingbot-old-v2\venv\lib\site-packages (from -r requirements.txt (line 7)) (3.9.1)
Requirement already satisfied: anyio<4.0.0,>=3.7.1 in c:\users\shivamkumar14102801\zepixtradingbot-old-v2\venv\lib\site-packages (from fastapi==0.104.1->-r requirements.txt (line 1)) (3.7.1)
Requirement already satisfied: starlette<0.28.0,>=0.27.0 in c:\users\shivamkumar14102801\zepixtradingbot-old-v2\venv\lib\site-packages (from fastapi==0.104.1->-r requirements.txt (line 1)) (0.27.0)
Requirement already satisfied: typing-extensions>=4.8.0 in c:\users\shivamkumar14102801\zepixtradingbot-old-v2\venv\lib\site-packages (from fastapi==0.104.1->-r requirements.txt (line 1)) (4.15.0)
Requirement already satisfied: annotated-types>=0.4.0 in c:\users\shivamkumar14102801\zepixtradingbot-old-v2\venv\lib\site-packages (from pydantic==2.5.0->-r requirements.txt (line 5)) (0.7.0)
Requirement already satisfied: pydantic-core==2.14.1 in c:\users\shivamkumar14102801\zepixtradingbot-old-v2\venv\lib\site-packages (from pydantic==2.5.0->-r requirements.txt (line 5)) (2.14.1)
Requirement already satisfied: click>=7.0 in c:\users\shivamkumar14102801\zepixtradingbot-old-v2\venv\lib\site-packages (from uvicorn==0.24.0->-r requirements.txt (line 2)) (8.2.1)
Requirement already satisfied: h11>=0.8 in c:\users\shivamkumar14102801\zepixtradingbot-old-v2\venv\lib\site-packages (from uvicorn==0.24.0->-r requirements.txt (line 2)) (0.16.0)
Requirement already satisfied: charset-normalizer<4,>=2 in c:\users\shivamkumar14102801\zepixtradingbot-old-v2\venv\lib\site-packages (from requests==2.31.0->-r requirements.txt (line 4)) (3.4.3)
Requirement already satisfied: idna<4,>=2.5 in c:\users\shivamkumar14102801\zepixtradingbot-old-v2\venv\lib\site-packages (from requests==2.31.0->-r requirements.txt (line 4)) (3.10)
Requirement already satisfied: urllib3<3,>=1.21.1 in c:\users\shivamkumar14102801\zepixtradingbot-old-v2\venv\lib\site-packages (from requests==2.31.0->-r requirements.txt (line 4)) (2.5.0)
Requirement already satisfied: certifi>=2017.4.17 in c:\users\shivamkumar14102801\zepixtradingbot-old-v2\venv\lib\site-packages (from requests==2.31.0->-r requirements.txt (line 4)) (2025.8.3)
Requirement already satisfied: attrs>=17.3.0 in c:\users\shivamkumar14102801\zepixtradingbot-old-v2\venv\lib\site-packages (from aiohttp==3.9.1->-r requirements.txt (line 7)) (25.3.0)
Requirement already satisfied: multidict<7.0,>=4.5 in c:\users\shivamkumar14102801\zepixtradingbot-old-v2\venv\lib\site-packages (from aiohttp==3.9.1->-r requirements.txt (line 7)) (6.6.4)
Requirement already satisfied: yarl<2.0,>=1.0 in c:\users\shivamkumar14102801\zepixtradingbot-old-v2\venv\lib\site-packages (from aiohttp==3.9.1->-r requirements.txt (line 7)) (1.20.1)
Requirement already satisfied: frozenlist>=1.1.1 in c:\users\shivamkumar14102801\zepixtradingbot-old-v2\venv\lib\site-packages (from aiohttp==3.9.1->-r requirements.txt (line 7)) (1.7.0)
Requirement already satisfied: aiosignal>=1.1.2 in c:\users\shivamkumar14102801\zepixtradingbot-old-v2\venv\lib\site-packages (from aiohttp==3.9.1->-r requirements.txt (line 7)) (1.4.0)
Collecting async-timeout<5.0,>=4.0 (from aiohttp==3.9.1->-r requirements.txt (line 7))
  Using cached async_timeout-4.0.3-py3-none-any.whl.metadata (4.2 kB)
Requirement already satisfied: sniffio>=1.1 in c:\users\shivamkumar14102801\zepixtradingbot-old-v2\venv\lib\site-packages (from anyio<4.0.0,>=3.7.1->fastapi==0.104.1->-r requirements.txt (line 1)) (1.3.1)
Collecting exceptiongroup (from anyio<4.0.0,>=3.7.1->fastapi==0.104.1->-r requirements.txt (line 1))
  Using cached exceptiongroup-1.3.0-py3-none-any.whl.metadata (6.7 kB)
Requirement already satisfied: propcache>=0.2.1 in c:\users\shivamkumar14102801\zepixtradingbot-old-v2\venv\lib\site-packages (from yarl<2.0,>=1.0->aiohttp==3.9.1->-r requirements.txt (line 7)) (0.3.2)
Requirement already satisfied: colorama in c:\users\shivamkumar14102801\zepixtradingbot-old-v2\venv\lib\site-packages (from click>=7.0->uvicorn==0.24.0->-r requirements.txt (line 2)) (0.4.6)
Using cached async_timeout-4.0.3-py3-none-any.whl (5.7 kB)
Using cached exceptiongroup-1.3.0-py3-none-any.whl (16 kB)
Installing collected packages: exceptiongroup, async-timeout
Successfully installed async-timeout-4.0.3 exceptiongroup-1.3.0
Requirement already satisfied: MetaTrader5 in c:\users\shivamkumar14102801\zepixtradingbot-old-v2\venv\lib\site-packages (5.0.5200)
Requirement already satisfied: numpy>=1.7 in c:\users\shivamkumar14102801\zepixtradingbot-old-v2\venv\lib\site-packages (from MetaTrader5) (2.3.3)
(venv) PS C:\Users\shivamkumar14102801\ZepixTradingBot-old-v2> notepad .env
(venv) PS C:\Users\shivamkumar14102801\ZepixTradingBot-old-v2> python test_credentials.py
==================================================
CREDENTIAL LOADING TEST
==================================================

MT5_LOGIN: 308646228
MT5_PASSWORD: ***************
MT5_SERVER: XMGlobal-MT5 6
TELEGRAM_TOKEN: ********************
TELEGRAM_CHAT_ID: 2139792302

==================================================
üîß Config loaded - MT5 Login: 308646228, Server: XMGlobal-MT5 6

CONFIG CLASS TEST
==================================================
MT5 Login (from Config): 308646228
MT5 Password (from Config): ***************
MT5 Server (from Config): XMGlobal-MT5 6
==================================================

‚úÖ ALL CREDENTIALS LOADED SUCCESSFULLY!
(venv) PS C:\Users\shivamkumar14102801\ZepixTradingBot-old-v2> python main.py --host 0.0.0.0 --port 80
Traceback (most recent call last):
  File "C:\Users\shivamkumar14102801\ZepixTradingBot-old-v2\main.py", line 6, in <module>
    from fastapi import FastAPI, Request, HTTPException
  File "C:\Users\shivamkumar14102801\ZepixTradingBot-old-v2\venv\lib\site-packages\fastapi\__init__.py", line 7, in <module>
    from .applications import FastAPI as FastAPI
  File "C:\Users\shivamkumar14102801\ZepixTradingBot-old-v2\venv\lib\site-packages\fastapi\applications.py", line 16, in <module>
    from fastapi import routing
  File "C:\Users\shivamkumar14102801\ZepixTradingBot-old-v2\venv\lib\site-packages\fastapi\routing.py", line 22, in <module>
    from fastapi import params
  File "C:\Users\shivamkumar14102801\ZepixTradingBot-old-v2\venv\lib\site-packages\fastapi\params.py", line 5, in <module>
    from fastapi.openapi.models import Example
  File "C:\Users\shivamkumar14102801\ZepixTradingBot-old-v2\venv\lib\site-packages\fastapi\openapi\models.py", line 4, in <module>
    from fastapi._compat import (
  File "C:\Users\shivamkumar14102801\ZepixTradingBot-old-v2\venv\lib\site-packages\fastapi\_compat.py", line 20, in <module>
    from fastapi.exceptions import RequestErrorModel
  File "C:\Users\shivamkumar14102801\ZepixTradingBot-old-v2\venv\lib\site-packages\fastapi\exceptions.py", line 3, in <module>
    from pydantic import BaseModel, create_model
  File "C:\Users\shivamkumar14102801\ZepixTradingBot-old-v2\venv\lib\site-packages\pydantic\__init__.py", line 372, in __getattr__
    module = import_module(module_name, package=package)
  File "C:\Program Files\Python310\lib\importlib\__init__.py", line 126, in import_module
    return _bootstrap._gcd_import(name[level:], package, level)
  File "C:\Users\shivamkumar14102801\ZepixTradingBot-old-v2\venv\lib\site-packages\pydantic\main.py", line 11, in <module>
    import pydantic_core
  File "C:\Users\shivamkumar14102801\ZepixTradingBot-old-v2\venv\lib\site-packages\pydantic_core\__init__.py", line 6, in <module>
    from ._pydantic_core import (
ModuleNotFoundError: No module named 'pydantic_core._pydantic_core'
(venv) PS C:\Users\shivamkumar14102801\ZepixTradingBot-old-v2> python -m pip uninstall -y pydantic pydantic-core
>> python -m pip install --no-cache-dir pydantic==2.5.0 pydantic-core==2.14.1
Found existing installation: pydantic 2.5.0
Uninstalling pydantic-2.5.0:
  Successfully uninstalled pydantic-2.5.0
Found existing installation: pydantic_core 2.14.1
Uninstalling pydantic_core-2.14.1:
  Successfully uninstalled pydantic_core-2.14.1
Collecting pydantic==2.5.0
  Downloading pydantic-2.5.0-py3-none-any.whl.metadata (174 kB)
Collecting pydantic-core==2.14.1
  Downloading pydantic_core-2.14.1-cp310-none-win_amd64.whl.metadata (6.6 kB)
Requirement already satisfied: annotated-types>=0.4.0 in c:\users\shivamkumar14102801\zepixtradingbot-old-v2\venv\lib\site-packages (from pydantic==2.5.0) (0.7.0)
Requirement already satisfied: typing-extensions>=4.6.1 in c:\users\shivamkumar14102801\zepixtradingbot-old-v2\venv\lib\site-packages (from pydantic==2.5.0) (4.15.0)
Downloading pydantic-2.5.0-py3-none-any.whl (407 kB)
Downloading pydantic_core-2.14.1-cp310-none-win_amd64.whl (1.9 MB)
   ---------------------------------------- 1.9/1.9 MB 34.6 MB/s  0:00:00
Installing collected packages: pydantic-core, pydantic
Successfully installed pydantic-2.5.0 pydantic-core-2.14.1
(venv) PS C:\Users\shivamkumar14102801\ZepixTradingBot-old-v2> python main.py --host 0.0.0.0 --port 80
‚ö†Ô∏è  MetaTrader5 not available (Windows only). Running in simulation mode.
üîß Config loaded - MT5 Login: 308646228, Server: XMGlobal-MT5 6
==================================================
ZEPIX TRADING BOT v2.0
==================================================
Starting server on 0.0.0.0:80
Features enabled:
‚úì Fixed lot sizes
‚úì Re-entry system
‚úì SL hunting protection
‚úì 1:1.5 Risk-Reward
‚úì Progressive SL reduction
==================================================
‚Üê[32mINFO‚Üê[0m:     Started server process [‚Üê[36m7684‚Üê[0m]
‚Üê[32mINFO‚Üê[0m:     Waiting for application startup.
‚ö†Ô∏è  Running in simulation mode (MT5 not available on this platform)
‚úÖ Trend manager set in Telegram bot
INFO:price_monitor_service:‚úÖ Price Monitor Service started
‚úÖ Trading engine initialized successfully
‚úÖ Price monitor service started
‚úÖ Telegram bot polling started
‚ö†Ô∏è  Reconciliation error: No module named 'MetaTrader5._core'
‚Üê[32mINFO‚Üê[0m:     Application startup complete.
‚Üê[32mINFO‚Üê[0m:     Uvicorn running on ‚Üê[1mhttp://0.0.0.0:80‚Üê[0m (Press CTRL+C to quit)
‚ö†Ô∏è  Reconciliation error: No module named 'MetaTrader5._core'
‚ö†Ô∏è  Reconciliation error: No module named 'MetaTrader5._core'
‚ö†Ô∏è  Reconciliation error: No module named 'MetaTrader5._core'
‚ö†Ô∏è  Reconciliation error: No module named 'MetaTrader5._core'
‚ö†Ô∏è  Reconciliation error: No module named 'MetaTrader5._core'
‚ö†Ô∏è  Reconciliation error: No module named 'MetaTrader5._core'
‚ö†Ô∏è  Reconciliation error: No module named 'MetaTrader5._core'
‚ö†Ô∏è  Reconciliation error: No module named 'MetaTrader5._core'
‚ö†Ô∏è  Reconciliation error: No module named 'MetaTrader5._core'
‚ö†Ô∏è  Reconciliation error: No module named 'MetaTrader5._core'
‚ö†Ô∏è  Reconciliation error: No module named 'MetaTrader5._core'
‚ö†Ô∏è  Reconciliation error: No module named 'MetaTrader5._core'
‚ö†Ô∏è  Reconciliation error: No module named 'MetaTrader5._core'
‚ö†Ô∏è  Reconciliation error: No module named 'MetaTrader5._core'
‚ö†Ô∏è  Reconciliation error: No module named 'MetaTrader5._core'
‚ö†Ô∏è  Reconciliation error: No module named 'MetaTrader5._core'
‚ö†Ô∏è  Reconciliation error: No module named 'MetaTrader5._core'
‚ö†Ô∏è  Reconciliation error: No module named 'MetaTrader5._core'
‚ö†Ô∏è  Reconciliation error: No module named 'MetaTrader5._core'
‚ö†Ô∏è  Reconciliation error: No module named 'MetaTrader5._core'
‚ö†Ô∏è  Reconciliation error: No module named 'MetaTrader5._core'
‚ö†Ô∏è  Reconciliation error: No module named 'MetaTrader5._core'
‚ö†Ô∏è  Reconciliation error: No module named 'MetaTrader5._core'
‚ö†Ô∏è  Reconciliation error: No module named 'MetaTrader5._core'
‚ö†Ô∏è  Reconciliation error: No module named 'MetaTrader5._core'
‚ö†Ô∏è  Reconciliation error: No module named 'MetaTrader5._core'
‚ö†Ô∏è  Reconciliation error: No module named 'MetaTrader5._core'
‚ö†Ô∏è  Reconciliation error: No module named 'MetaTrader5._core'
‚ö†Ô∏è  Reconciliation error: No module named 'MetaTrader5._core'
‚ö†Ô∏è  Reconciliation error: No module named 'MetaTrader5._core'
‚ö†Ô∏è  Reconciliation error: No module named 'MetaTrader5._core'
‚ö†Ô∏è  Reconciliation error: No module named 'MetaTrader5._core'
‚ö†Ô∏è  Reconciliation error: No module named 'MetaTrader5._core'
‚Üê[32mINFO‚Üê[0m:     Shutting down
‚Üê[32mINFO‚Üê[0m:     Waiting for application shutdown.
üîÑ Trading bot shutting down...
‚Üê[32mINFO‚Üê[0m:     Application shutdown complete.
‚Üê[32mINFO‚Üê[0m:     Finished server process [‚Üê[36m7684‚Üê[0m]
(venv) PS C:\Users\shivamkumar14102801\ZepixTradingBot-old-v2> python -m pip install MetaTrader5
Requirement already satisfied: MetaTrader5 in c:\users\shivamkumar14102801\zepixtradingbot-old-v2\venv\lib\site-packages (5.0.5200)
Requirement already satisfied: numpy>=1.7 in c:\users\shivamkumar14102801\zepixtradingbot-old-v2\venv\lib\site-packages (from MetaTrader5) (2.3.3)
(venv) PS C:\Users\shivamkumar14102801\ZepixTradingBot-old-v2> python main.py --host 0.0.0.0 --port 80
‚ö†Ô∏è  MetaTrader5 not available (Windows only). Running in simulation mode.
üîß Config loaded - MT5 Login: 308646228, Server: XMGlobal-MT5 6
==================================================
ZEPIX TRADING BOT v2.0
==================================================
Starting server on 0.0.0.0:80
Features enabled:
‚úì Fixed lot sizes
‚úì Re-entry system
‚úì SL hunting protection
‚úì 1:1.5 Risk-Reward
‚úì Progressive SL reduction
==================================================
‚Üê[32mINFO‚Üê[0m:     Started server process [‚Üê[36m5656‚Üê[0m]
‚Üê[32mINFO‚Üê[0m:     Waiting for application startup.
‚ö†Ô∏è  Running in simulation mode (MT5 not available on this platform)
‚úÖ Trend manager set in Telegram bot
INFO:price_monitor_service:‚úÖ Price Monitor Service started
‚úÖ Trading engine initialized successfully
‚úÖ Price monitor service started
‚úÖ Telegram bot polling started
‚ö†Ô∏è  Reconciliation error: No module named 'MetaTrader5._core'
‚Üê[32mINFO‚Üê[0m:     Application startup complete.
‚Üê[32mINFO‚Üê[0m:     Uvicorn running on ‚Üê[1mhttp://0.0.0.0:80‚Üê[0m (Press CTRL+C to quit)
‚ö†Ô∏è  Reconciliation error: No module named 'MetaTrader5._core'
‚ö†Ô∏è  Reconciliation error: No module named 'MetaTrader5._core'
‚ö†Ô∏è  Reconciliation error: No module named 'MetaTrader5._core'
‚ö†Ô∏è  Reconciliation error: No module named 'MetaTrader5._core'
‚ö†Ô∏è  Reconciliation error: No module named 'MetaTrader5._core'
‚ö†Ô∏è  Reconciliation error: No module named 'MetaTrader5._core'
‚ö†Ô∏è  Reconciliation error: No module named 'MetaTrader5._core'
‚ö†Ô∏è  Reconciliation error: No module named 'MetaTrader5._core'
‚ö†Ô∏è  Reconciliation error: No module named 'MetaTrader5._core'
‚ö†Ô∏è  Reconciliation error: No module named 'MetaTrader5._core'
‚ö†Ô∏è  Reconciliation error: No module named 'MetaTrader5._core'
‚ö†Ô∏è  Reconciliation error: No module named 'MetaTrader5._core'
‚ö†Ô∏è  Reconciliation error: No module named 'MetaTrader5._core'
‚ö†Ô∏è  Reconciliation error: No module named 'MetaTrader5._core'
‚ö†Ô∏è  Reconciliation error: No module named 'MetaTrader5._core'
‚ö†Ô∏è  Reconciliation error: No module named 'MetaTrader5._core'
‚ö†Ô∏è  Reconciliation error: No module named 'MetaTrader5._core'
‚ö†Ô∏è  Reconciliation error: No module named 'MetaTrader5._core'
‚ö†Ô∏è  Reconciliation error: No module named 'MetaTrader5._core'
‚ö†Ô∏è  Reconciliation error: No module named 'MetaTrader5._core'
‚ö†Ô∏è  Reconciliation error: No module named 'MetaTrader5._core'
‚ö†Ô∏è  Reconciliation error: No module named 'MetaTrader5._core'
‚ö†Ô∏è  Reconciliation error: No module named 'MetaTrader5._core'
‚ö†Ô∏è  Reconciliation error: No module named 'MetaTrader5._core'
‚ö†Ô∏è  Reconciliation error: No module named 'MetaTrader5._core'
‚Üê[32mINFO‚Üê[0m:     Shutting down
‚Üê[32mINFO‚Üê[0m:     Waiting for application shutdown.
üîÑ Trading bot shutting down...
‚Üê[32mINFO‚Üê[0m:     Application shutdown complete.
‚Üê[32mINFO‚Üê[0m:     Finished server process [‚Üê[36m5656‚Üê[0m]
(venv) PS C:\Users\shivamkumar14102801\ZepixTradingBot-old-v2> python --version
>> python -c "import struct; print('64-bit' if struct.calcsize('P') * 8 == 64 else '32-bit')"
Python 3.10.0
64-bit
(venv) PS C:\Users\shivamkumar14102801\ZepixTradingBot-old-v2> python -m pip uninstall -y MetaTrader5
>> python -m pip install --no-cache-dir MetaTrader5
Found existing installation: MetaTrader5 5.0.5200
Uninstalling MetaTrader5-5.0.5200:
  Successfully uninstalled MetaTrader5-5.0.5200
Collecting MetaTrader5
  Downloading MetaTrader5-5.0.5328-cp310-cp310-win_amd64.whl.metadata (2.4 kB)
Requirement already satisfied: numpy>=1.7 in c:\users\shivamkumar14102801\zepixtradingbot-old-v2\venv\lib\site-packages (from MetaTrader5) (2.3.3)
Downloading MetaTrader5-5.0.5328-cp310-cp310-win_amd64.whl (50 kB)
Installing collected packages: MetaTrader5
Successfully installed MetaTrader5-5.0.5328
(venv) PS C:\Users\shivamkumar14102801\ZepixTradingBot-old-v2> # MT5 terminal kholo aur login karo pehle
>> python main.py --host 0.0.0.0 --port 80
Traceback (most recent call last):
  File "C:\Users\shivamkumar14102801\ZepixTradingBot-old-v2\venv\lib\site-packages\numpy\_core\__init__.py", line 22, in <module>
    from . import multiarray
  File "C:\Users\shivamkumar14102801\ZepixTradingBot-old-v2\venv\lib\site-packages\numpy\_core\multiarray.py", line 11, in <module>
    from . import _multiarray_umath, overrides
  File "C:\Users\shivamkumar14102801\ZepixTradingBot-old-v2\venv\lib\site-packages\numpy\_core\overrides.py", line 5, in <module>
    from numpy._core._multiarray_umath import (
ModuleNotFoundError: No module named 'numpy._core._multiarray_umath'

The above exception was the direct cause of the following exception:

Traceback (most recent call last):
  File "C:\Users\shivamkumar14102801\ZepixTradingBot-old-v2\venv\lib\site-packages\numpy\__init__.py", line 125, in <module>
    from numpy.__config__ import show_config
  File "C:\Users\shivamkumar14102801\ZepixTradingBot-old-v2\venv\lib\site-packages\numpy\__config__.py", line 4, in <module>
    from numpy._core._multiarray_umath import (
  File "C:\Users\shivamkumar14102801\ZepixTradingBot-old-v2\venv\lib\site-packages\numpy\_core\__init__.py", line 48, in <module>
    raise ImportError(msg) from exc
ImportError:

IMPORTANT: PLEASE READ THIS FOR ADVICE ON HOW TO SOLVE THIS ISSUE!

Importing the numpy C-extensions failed. This error can happen for
many reasons, often due to issues with your setup or how NumPy was
installed.

We have compiled some common reasons and troubleshooting tips at:

    https://numpy.org/devdocs/user/troubleshooting-importerror.html

Please note and check the following:

  * The Python version is: Python3.10 from "C:\Users\shivamkumar14102801\ZepixTradingBot-old-v2\venv\Scripts\python.exe"
  * The NumPy version is: "2.3.3"

and make sure that they are the versions you expect.
Please carefully study the documentation linked above for further help.

Original error was: No module named 'numpy._core._multiarray_umath'


The above exception was the direct cause of the following exception:

Traceback (most recent call last):
  File "C:\Users\shivamkumar14102801\ZepixTradingBot-old-v2\venv\lib\site-packages\numpy\__init__.py", line 130, in <module>
    raise ImportError(msg) from e
ImportError: Error importing numpy: you should not try to import numpy from
        its source directory; please exit the numpy source tree, and relaunch
        your python interpreter from there.
‚ö†Ô∏è  MetaTrader5 not available (Windows only). Running in simulation mode.
üîß Config loaded - MT5 Login: 308646228, Server: XMGlobal-MT5 6
==================================================
ZEPIX TRADING BOT v2.0
==================================================
Starting server on 0.0.0.0:80
Features enabled:
‚úì Fixed lot sizes
‚úì Re-entry system
‚úì SL hunting protection
‚úì 1:1.5 Risk-Reward
‚úì Progressive SL reduction
==================================================
‚Üê[32mINFO‚Üê[0m:     Started server process [‚Üê[36m5988‚Üê[0m]
‚Üê[32mINFO‚Üê[0m:     Waiting for application startup.
‚ö†Ô∏è  Running in simulation mode (MT5 not available on this platform)
‚úÖ Trend manager set in Telegram bot
INFO:price_monitor_service:‚úÖ Price Monitor Service started
‚úÖ Trading engine initialized successfully
‚úÖ Price monitor service started
‚úÖ Telegram bot polling started
Traceback (most recent call last):
  File "C:\Users\shivamkumar14102801\ZepixTradingBot-old-v2\venv\lib\site-packages\numpy\_core\__init__.py", line 22, in <module>
    from . import multiarray
  File "C:\Users\shivamkumar14102801\ZepixTradingBot-old-v2\venv\lib\site-packages\numpy\_core\multiarray.py", line 11, in <module>
    from . import _multiarray_umath, overrides
  File "C:\Users\shivamkumar14102801\ZepixTradingBot-old-v2\venv\lib\site-packages\numpy\_core\overrides.py", line 5, in <module>
    from numpy._core._multiarray_umath import (
ModuleNotFoundError: No module named 'numpy._core._multiarray_umath'

The above exception was the direct cause of the following exception:

Traceback (most recent call last):
  File "C:\Users\shivamkumar14102801\ZepixTradingBot-old-v2\venv\lib\site-packages\numpy\__init__.py", line 125, in <module>
    from numpy.__config__ import show_config
  File "C:\Users\shivamkumar14102801\ZepixTradingBot-old-v2\venv\lib\site-packages\numpy\__config__.py", line 4, in <module>
    from numpy._core._multiarray_umath import (
  File "C:\Users\shivamkumar14102801\ZepixTradingBot-old-v2\venv\lib\site-packages\numpy\_core\__init__.py", line 48, in <module>
    raise ImportError(msg) from exc
ImportError:

IMPORTANT: PLEASE READ THIS FOR ADVICE ON HOW TO SOLVE THIS ISSUE!

Importing the numpy C-extensions failed. This error can happen for
many reasons, often due to issues with your setup or how NumPy was
installed.

We have compiled some common reasons and troubleshooting tips at:

    https://numpy.org/devdocs/user/troubleshooting-importerror.html

Please note and check the following:

  * The Python version is: Python3.10 from "C:\Users\shivamkumar14102801\ZepixTradingBot-old-v2\venv\Scripts\python.exe"
  * The NumPy version is: "2.3.3"

and make sure that they are the versions you expect.
Please carefully study the documentation linked above for further help.

Original error was: No module named 'numpy._core._multiarray_umath'


The above exception was the direct cause of the following exception:

Traceback (most recent call last):
  File "C:\Users\shivamkumar14102801\ZepixTradingBot-old-v2\venv\lib\site-packages\numpy\__init__.py", line 130, in <module>
    raise ImportError(msg) from e
ImportError: Error importing numpy: you should not try to import numpy from
        its source directory; please exit the numpy source tree, and relaunch
        your python interpreter from there.
‚ö†Ô∏è  Reconciliation error: numpy._core.multiarray failed to import
‚Üê[32mINFO‚Üê[0m:     Application startup complete.
‚Üê[32mINFO‚Üê[0m:     Uvicorn running on ‚Üê[1mhttp://0.0.0.0:80‚Üê[0m (Press CTRL+C to quit)
Traceback (most recent call last):
  File "C:\Users\shivamkumar14102801\ZepixTradingBot-old-v2\venv\lib\site-packages\numpy\_core\__init__.py", line 22, in <module>
    from . import multiarray
  File "C:\Users\shivamkumar14102801\ZepixTradingBot-old-v2\venv\lib\site-packages\numpy\_core\multiarray.py", line 11, in <module>
    from . import _multiarray_umath, overrides
  File "C:\Users\shivamkumar14102801\ZepixTradingBot-old-v2\venv\lib\site-packages\numpy\_core\overrides.py", line 5, in <module>
    from numpy._core._multiarray_umath import (
ModuleNotFoundError: No module named 'numpy._core._multiarray_umath'

The above exception was the direct cause of the following exception:

Traceback (most recent call last):
  File "C:\Users\shivamkumar14102801\ZepixTradingBot-old-v2\venv\lib\site-packages\numpy\__init__.py", line 125, in <module>
    from numpy.__config__ import show_config
  File "C:\Users\shivamkumar14102801\ZepixTradingBot-old-v2\venv\lib\site-packages\numpy\__config__.py", line 4, in <module>
    from numpy._core._multiarray_umath import (
  File "C:\Users\shivamkumar14102801\ZepixTradingBot-old-v2\venv\lib\site-packages\numpy\_core\__init__.py", line 48, in <module>
    raise ImportError(msg) from exc
ImportError:

IMPORTANT: PLEASE READ THIS FOR ADVICE ON HOW TO SOLVE THIS ISSUE!

Importing the numpy C-extensions failed. This error can happen for
many reasons, often due to issues with your setup or how NumPy was
installed.

We have compiled some common reasons and troubleshooting tips at:

    https://numpy.org/devdocs/user/troubleshooting-importerror.html

Please note and check the following:

  * The Python version is: Python3.10 from "C:\Users\shivamkumar14102801\ZepixTradingBot-old-v2\venv\Scripts\python.exe"
  * The NumPy version is: "2.3.3"

and make sure that they are the versions you expect.
Please carefully study the documentation linked above for further help.

Original error was: No module named 'numpy._core._multiarray_umath'


The above exception was the direct cause of the following exception:

Traceback (most recent call last):
  File "C:\Users\shivamkumar14102801\ZepixTradingBot-old-v2\venv\lib\site-packages\numpy\__init__.py", line 130, in <module>
    raise ImportError(msg) from e
ImportError: Error importing numpy: you should not try to import numpy from
        its source directory; please exit the numpy source tree, and relaunch
        your python interpreter from there.
‚ö†Ô∏è  Reconciliation error: numpy._core.multiarray failed to import
Traceback (most recent call last):
  File "C:\Users\shivamkumar14102801\ZepixTradingBot-old-v2\venv\lib\site-packages\numpy\_core\__init__.py", line 22, in <module>
    from . import multiarray
  File "C:\Users\shivamkumar14102801\ZepixTradingBot-old-v2\venv\lib\site-packages\numpy\_core\multiarray.py", line 11, in <module>
    from . import _multiarray_umath, overrides
  File "C:\Users\shivamkumar14102801\ZepixTradingBot-old-v2\venv\lib\site-packages\numpy\_core\overrides.py", line 5, in <module>
    from numpy._core._multiarray_umath import (
ModuleNotFoundError: No module named 'numpy._core._multiarray_umath'

The above exception was the direct cause of the following exception:

Traceback (most recent call last):
  File "C:\Users\shivamkumar14102801\ZepixTradingBot-old-v2\venv\lib\site-packages\numpy\__init__.py", line 125, in <module>
    from numpy.__config__ import show_config
  File "C:\Users\shivamkumar14102801\ZepixTradingBot-old-v2\venv\lib\site-packages\numpy\__config__.py", line 4, in <module>
    from numpy._core._multiarray_umath import (
  File "C:\Users\shivamkumar14102801\ZepixTradingBot-old-v2\venv\lib\site-packages\numpy\_core\__init__.py", line 48, in <module>
    raise ImportError(msg) from exc
ImportError:

IMPORTANT: PLEASE READ THIS FOR ADVICE ON HOW TO SOLVE THIS ISSUE!

Importing the numpy C-extensions failed. This error can happen for
many reasons, often due to issues with your setup or how NumPy was
installed.

We have compiled some common reasons and troubleshooting tips at:

    https://numpy.org/devdocs/user/troubleshooting-importerror.html

Please note and check the following:

  * The Python version is: Python3.10 from "C:\Users\shivamkumar14102801\ZepixTradingBot-old-v2\venv\Scripts\python.exe"
  * The NumPy version is: "2.3.3"

and make sure that they are the versions you expect.
Please carefully study the documentation linked above for further help.

Original error was: No module named 'numpy._core._multiarray_umath'


The above exception was the direct cause of the following exception:

Traceback (most recent call last):
  File "C:\Users\shivamkumar14102801\ZepixTradingBot-old-v2\venv\lib\site-packages\numpy\__init__.py", line 130, in <module>
    raise ImportError(msg) from e
ImportError: Error importing numpy: you should not try to import numpy from
        its source directory; please exit the numpy source tree, and relaunch
        your python interpreter from there.
‚ö†Ô∏è  Reconciliation error: numpy._core.multiarray failed to import
Traceback (most recent call last):
  File "C:\Users\shivamkumar14102801\ZepixTradingBot-old-v2\venv\lib\site-packages\numpy\_core\__init__.py", line 22, in <module>
    from . import multiarray
  File "C:\Users\shivamkumar14102801\ZepixTradingBot-old-v2\venv\lib\site-packages\numpy\_core\multiarray.py", line 11, in <module>
    from . import _multiarray_umath, overrides
  File "C:\Users\shivamkumar14102801\ZepixTradingBot-old-v2\venv\lib\site-packages\numpy\_core\overrides.py", line 5, in <module>
    from numpy._core._multiarray_umath import (
ModuleNotFoundError: No module named 'numpy._core._multiarray_umath'

The above exception was the direct cause of the following exception:

Traceback (most recent call last):
  File "C:\Users\shivamkumar14102801\ZepixTradingBot-old-v2\venv\lib\site-packages\numpy\__init__.py", line 125, in <module>
    from numpy.__config__ import show_config
  File "C:\Users\shivamkumar14102801\ZepixTradingBot-old-v2\venv\lib\site-packages\numpy\__config__.py", line 4, in <module>
    from numpy._core._multiarray_umath import (
  File "C:\Users\shivamkumar14102801\ZepixTradingBot-old-v2\venv\lib\site-packages\numpy\_core\__init__.py", line 48, in <module>
    raise ImportError(msg) from exc
ImportError:

IMPORTANT: PLEASE READ THIS FOR ADVICE ON HOW TO SOLVE THIS ISSUE!

Importing the numpy C-extensions failed. This error can happen for
many reasons, often due to issues with your setup or how NumPy was
installed.

We have compiled some common reasons and troubleshooting tips at:

    https://numpy.org/devdocs/user/troubleshooting-importerror.html

Please note and check the following:

  * The Python version is: Python3.10 from "C:\Users\shivamkumar14102801\ZepixTradingBot-old-v2\venv\Scripts\python.exe"
  * The NumPy version is: "2.3.3"

and make sure that they are the versions you expect.
Please carefully study the documentation linked above for further help.

Original error was: No module named 'numpy._core._multiarray_umath'


The above exception was the direct cause of the following exception:

Traceback (most recent call last):
  File "C:\Users\shivamkumar14102801\ZepixTradingBot-old-v2\venv\lib\site-packages\numpy\__init__.py", line 130, in <module>
    raise ImportError(msg) from e
ImportError: Error importing numpy: you should not try to import numpy from
        its source directory; please exit the numpy source tree, and relaunch
        your python interpreter from there.
‚ö†Ô∏è  Reconciliation error: numpy._core.multiarray failed to import
Traceback (most recent call last):
  File "C:\Users\shivamkumar14102801\ZepixTradingBot-old-v2\venv\lib\site-packages\numpy\_core\__init__.py", line 22, in <module>
    from . import multiarray
  File "C:\Users\shivamkumar14102801\ZepixTradingBot-old-v2\venv\lib\site-packages\numpy\_core\multiarray.py", line 11, in <module>
    from . import _multiarray_umath, overrides
  File "C:\Users\shivamkumar14102801\ZepixTradingBot-old-v2\venv\lib\site-packages\numpy\_core\overrides.py", line 5, in <module>
    from numpy._core._multiarray_umath import (
ModuleNotFoundError: No module named 'numpy._core._multiarray_umath'

The above exception was the direct cause of the following exception:

Traceback (most recent call last):
  File "C:\Users\shivamkumar14102801\ZepixTradingBot-old-v2\venv\lib\site-packages\numpy\__init__.py", line 125, in <module>
    from numpy.__config__ import show_config
  File "C:\Users\shivamkumar14102801\ZepixTradingBot-old-v2\venv\lib\site-packages\numpy\__config__.py", line 4, in <module>
    from numpy._core._multiarray_umath import (
  File "C:\Users\shivamkumar14102801\ZepixTradingBot-old-v2\venv\lib\site-packages\numpy\_core\__init__.py", line 48, in <module>
    raise ImportError(msg) from exc
ImportError:

IMPORTANT: PLEASE READ THIS FOR ADVICE ON HOW TO SOLVE THIS ISSUE!

Importing the numpy C-extensions failed. This error can happen for
many reasons, often due to issues with your setup or how NumPy was
installed.

We have compiled some common reasons and troubleshooting tips at:

    https://numpy.org/devdocs/user/troubleshooting-importerror.html

Please note and check the following:

  * The Python version is: Python3.10 from "C:\Users\shivamkumar14102801\ZepixTradingBot-old-v2\venv\Scripts\python.exe"
  * The NumPy version is: "2.3.3"

and make sure that they are the versions you expect.
Please carefully study the documentation linked above for further help.

Original error was: No module named 'numpy._core._multiarray_umath'


The above exception was the direct cause of the following exception:

Traceback (most recent call last):
  File "C:\Users\shivamkumar14102801\ZepixTradingBot-old-v2\venv\lib\site-packages\numpy\__init__.py", line 130, in <module>
    raise ImportError(msg) from e
ImportError: Error importing numpy: you should not try to import numpy from
        its source directory; please exit the numpy source tree, and relaunch
        your python interpreter from there.
‚ö†Ô∏è  Reconciliation error: numpy._core.multiarray failed to import
Traceback (most recent call last):
  File "C:\Users\shivamkumar14102801\ZepixTradingBot-old-v2\venv\lib\site-packages\numpy\_core\__init__.py", line 22, in <module>
    from . import multiarray
  File "C:\Users\shivamkumar14102801\ZepixTradingBot-old-v2\venv\lib\site-packages\numpy\_core\multiarray.py", line 11, in <module>
    from . import _multiarray_umath, overrides
  File "C:\Users\shivamkumar14102801\ZepixTradingBot-old-v2\venv\lib\site-packages\numpy\_core\overrides.py", line 5, in <module>
    from numpy._core._multiarray_umath import (
ModuleNotFoundError: No module named 'numpy._core._multiarray_umath'

The above exception was the direct cause of the following exception:

Traceback (most recent call last):
  File "C:\Users\shivamkumar14102801\ZepixTradingBot-old-v2\venv\lib\site-packages\numpy\__init__.py", line 125, in <module>
    from numpy.__config__ import show_config
  File "C:\Users\shivamkumar14102801\ZepixTradingBot-old-v2\venv\lib\site-packages\numpy\__config__.py", line 4, in <module>
    from numpy._core._multiarray_umath import (
  File "C:\Users\shivamkumar14102801\ZepixTradingBot-old-v2\venv\lib\site-packages\numpy\_core\__init__.py", line 48, in <module>
    raise ImportError(msg) from exc
ImportError:

IMPORTANT: PLEASE READ THIS FOR ADVICE ON HOW TO SOLVE THIS ISSUE!

Importing the numpy C-extensions failed. This error can happen for
many reasons, often due to issues with your setup or how NumPy was
installed.

We have compiled some common reasons and troubleshooting tips at:

    https://numpy.org/devdocs/user/troubleshooting-importerror.html

Please note and check the following:

  * The Python version is: Python3.10 from "C:\Users\shivamkumar14102801\ZepixTradingBot-old-v2\venv\Scripts\python.exe"
  * The NumPy version is: "2.3.3"

and make sure that they are the versions you expect.
Please carefully study the documentation linked above for further help.

Original error was: No module named 'numpy._core._multiarray_umath'


The above exception was the direct cause of the following exception:

Traceback (most recent call last):
  File "C:\Users\shivamkumar14102801\ZepixTradingBot-old-v2\venv\lib\site-packages\numpy\__init__.py", line 130, in <module>
    raise ImportError(msg) from e
ImportError: Error importing numpy: you should not try to import numpy from
        its source directory; please exit the numpy source tree, and relaunch
        your python interpreter from there.
‚ö†Ô∏è  Reconciliation error: numpy._core.multiarray failed to import
Traceback (most recent call last):
  File "C:\Users\shivamkumar14102801\ZepixTradingBot-old-v2\venv\lib\site-packages\numpy\_core\__init__.py", line 22, in <module>
    from . import multiarray
  File "C:\Users\shivamkumar14102801\ZepixTradingBot-old-v2\venv\lib\site-packages\numpy\_core\multiarray.py", line 11, in <module>
    from . import _multiarray_umath, overrides
  File "C:\Users\shivamkumar14102801\ZepixTradingBot-old-v2\venv\lib\site-packages\numpy\_core\overrides.py", line 5, in <module>
    from numpy._core._multiarray_umath import (
ModuleNotFoundError: No module named 'numpy._core._multiarray_umath'

The above exception was the direct cause of the following exception:

Traceback (most recent call last):
  File "C:\Users\shivamkumar14102801\ZepixTradingBot-old-v2\venv\lib\site-packages\numpy\__init__.py", line 125, in <module>
    from numpy.__config__ import show_config
  File "C:\Users\shivamkumar14102801\ZepixTradingBot-old-v2\venv\lib\site-packages\numpy\__config__.py", line 4, in <module>
    from numpy._core._multiarray_umath import (
  File "C:\Users\shivamkumar14102801\ZepixTradingBot-old-v2\venv\lib\site-packages\numpy\_core\__init__.py", line 48, in <module>
    raise ImportError(msg) from exc
ImportError:

IMPORTANT: PLEASE READ THIS FOR ADVICE ON HOW TO SOLVE THIS ISSUE!

Importing the numpy C-extensions failed. This error can happen for
many reasons, often due to issues with your setup or how NumPy was
installed.

We have compiled some common reasons and troubleshooting tips at:

    https://numpy.org/devdocs/user/troubleshooting-importerror.html

Please note and check the following:

  * The Python version is: Python3.10 from "C:\Users\shivamkumar14102801\ZepixTradingBot-old-v2\venv\Scripts\python.exe"
  * The NumPy version is: "2.3.3"

and make sure that they are the versions you expect.
Please carefully study the documentation linked above for further help.

Original error was: No module named 'numpy._core._multiarray_umath'


The above exception was the direct cause of the following exception:

Traceback (most recent call last):
  File "C:\Users\shivamkumar14102801\ZepixTradingBot-old-v2\venv\lib\site-packages\numpy\__init__.py", line 130, in <module>
    raise ImportError(msg) from e
ImportError: Error importing numpy: you should not try to import numpy from
        its source directory; please exit the numpy source tree, and relaunch
        your python interpreter from there.
‚ö†Ô∏è  Reconciliation error: numpy._core.multiarray failed to import
Traceback (most recent call last):
  File "C:\Users\shivamkumar14102801\ZepixTradingBot-old-v2\venv\lib\site-packages\numpy\_core\__init__.py", line 22, in <module>
    from . import multiarray
  File "C:\Users\shivamkumar14102801\ZepixTradingBot-old-v2\venv\lib\site-packages\numpy\_core\multiarray.py", line 11, in <module>
    from . import _multiarray_umath, overrides
  File "C:\Users\shivamkumar14102801\ZepixTradingBot-old-v2\venv\lib\site-packages\numpy\_core\overrides.py", line 5, in <module>
    from numpy._core._multiarray_umath import (
ModuleNotFoundError: No module named 'numpy._core._multiarray_umath'

The above exception was the direct cause of the following exception:

Traceback (most recent call last):
  File "C:\Users\shivamkumar14102801\ZepixTradingBot-old-v2\venv\lib\site-packages\numpy\__init__.py", line 125, in <module>
    from numpy.__config__ import show_config
  File "C:\Users\shivamkumar14102801\ZepixTradingBot-old-v2\venv\lib\site-packages\numpy\__config__.py", line 4, in <module>
    from numpy._core._multiarray_umath import (
  File "C:\Users\shivamkumar14102801\ZepixTradingBot-old-v2\venv\lib\site-packages\numpy\_core\__init__.py", line 48, in <module>
    raise ImportError(msg) from exc
ImportError:

IMPORTANT: PLEASE READ THIS FOR ADVICE ON HOW TO SOLVE THIS ISSUE!

Importing the numpy C-extensions failed. This error can happen for
many reasons, often due to issues with your setup or how NumPy was
installed.

We have compiled some common reasons and troubleshooting tips at:

    https://numpy.org/devdocs/user/troubleshooting-importerror.html

Please note and check the following:

  * The Python version is: Python3.10 from "C:\Users\shivamkumar14102801\ZepixTradingBot-old-v2\venv\Scripts\python.exe"
  * The NumPy version is: "2.3.3"

and make sure that they are the versions you expect.
Please carefully study the documentation linked above for further help.

Original error was: No module named 'numpy._core._multiarray_umath'


The above exception was the direct cause of the following exception:

Traceback (most recent call last):
  File "C:\Users\shivamkumar14102801\ZepixTradingBot-old-v2\venv\lib\site-packages\numpy\__init__.py", line 130, in <module>
    raise ImportError(msg) from e
ImportError: Error importing numpy: you should not try to import numpy from
        its source directory; please exit the numpy source tree, and relaunch
        your python interpreter from there.
‚ö†Ô∏è  Reconciliation error: numpy._core.multiarray failed to import
Traceback (most recent call last):
  File "C:\Users\shivamkumar14102801\ZepixTradingBot-old-v2\venv\lib\site-packages\numpy\_core\__init__.py", line 22, in <module>
    from . import multiarray
  File "C:\Users\shivamkumar14102801\ZepixTradingBot-old-v2\venv\lib\site-packages\numpy\_core\multiarray.py", line 11, in <module>
    from . import _multiarray_umath, overrides
  File "C:\Users\shivamkumar14102801\ZepixTradingBot-old-v2\venv\lib\site-packages\numpy\_core\overrides.py", line 5, in <module>
    from numpy._core._multiarray_umath import (
ModuleNotFoundError: No module named 'numpy._core._multiarray_umath'

The above exception was the direct cause of the following exception:

Traceback (most recent call last):
  File "C:\Users\shivamkumar14102801\ZepixTradingBot-old-v2\venv\lib\site-packages\numpy\__init__.py", line 125, in <module>
    from numpy.__config__ import show_config
  File "C:\Users\shivamkumar14102801\ZepixTradingBot-old-v2\venv\lib\site-packages\numpy\__config__.py", line 4, in <module>
    from numpy._core._multiarray_umath import (
  File "C:\Users\shivamkumar14102801\ZepixTradingBot-old-v2\venv\lib\site-packages\numpy\_core\__init__.py", line 48, in <module>
    raise ImportError(msg) from exc
ImportError:

IMPORTANT: PLEASE READ THIS FOR ADVICE ON HOW TO SOLVE THIS ISSUE!

Importing the numpy C-extensions failed. This error can happen for
many reasons, often due to issues with your setup or how NumPy was
installed.

We have compiled some common reasons and troubleshooting tips at:

    https://numpy.org/devdocs/user/troubleshooting-importerror.html

Please note and check the following:

  * The Python version is: Python3.10 from "C:\Users\shivamkumar14102801\ZepixTradingBot-old-v2\venv\Scripts\python.exe"
  * The NumPy version is: "2.3.3"

and make sure that they are the versions you expect.
Please carefully study the documentation linked above for further help.

Original error was: No module named 'numpy._core._multiarray_umath'


The above exception was the direct cause of the following exception:

Traceback (most recent call last):
  File "C:\Users\shivamkumar14102801\ZepixTradingBot-old-v2\venv\lib\site-packages\numpy\__init__.py", line 130, in <module>
    raise ImportError(msg) from e
ImportError: Error importing numpy: you should not try to import numpy from
        its source directory; please exit the numpy source tree, and relaunch
        your python interpreter from there.
‚ö†Ô∏è  Reconciliation error: numpy._core.multiarray failed to import